<?xml version="1.0" encoding="UTF-8"?>
<testng-results skipped="0" failed="1" total="7" passed="6">
  <reporter-output>
  </reporter-output>
  <suite name="YB" duration-ms="69413" started-at="2015-06-04T06:20:50Z" finished-at="2015-06-04T06:21:59Z">
    <groups>
    </groups>
    <test name="open" duration-ms="2328" started-at="2015-06-04T06:20:50Z" finished-at="2015-06-04T06:20:52Z">
      <class name="com.soulinfo.cases.BrowserCase">
        <test-method status="PASS" signature="openBrowser()[pri:0, instance:com.soulinfo.cases.BrowserCase@5fdfe483]" name="openBrowser" duration-ms="2312" started-at="2015-06-04T14:20:50Z" finished-at="2015-06-04T14:20:52Z">
          <reporter-output>
          </reporter-output>
        </test-method> <!-- openBrowser -->
      </class> <!-- com.soulinfo.cases.BrowserCase -->
    </test> <!-- open -->
    <test name="clalogin" duration-ms="6625" started-at="2015-06-04T06:20:52Z" finished-at="2015-06-04T06:20:59Z">
      <class name="com.soulinfo.cases.LoginCase">
        <test-method status="PASS" signature="testClaLogin(java.lang.String, java.lang.String, java.lang.String)[pri:0, instance:com.soulinfo.cases.LoginCase@30400d61]" name="testClaLogin" duration-ms="6359" started-at="2015-06-04T14:20:52Z" data-provider="testLoginClaDate" finished-at="2015-06-04T14:20:59Z">
          <params>
            <param index="0">
              <value>
                <![CDATA[ybtest18]]>
              </value>
            </param>
            <param index="1">
              <value>
                <![CDATA[soul123]]>
              </value>
            </param>
            <param index="2">
              <value>
                <![CDATA[1234]]>
              </value>
            </param>
          </params>
          <reporter-output>
          </reporter-output>
        </test-method> <!-- testClaLogin -->
      </class> <!-- com.soulinfo.cases.LoginCase -->
    </test> <!-- clalogin -->
    <test name="createBook" duration-ms="22850" started-at="2015-06-04T06:20:59Z" finished-at="2015-06-04T06:21:22Z">
      <class name="com.soulinfo.cases.CreateBooksCase">
        <test-method status="PASS" signature="test1CreateBooks()[pri:0, instance:com.soulinfo.cases.CreateBooksCase@4df15f5b]" name="test1CreateBooks" duration-ms="17298" started-at="2015-06-04T14:20:59Z" finished-at="2015-06-04T14:21:16Z">
          <reporter-output>
          </reporter-output>
        </test-method> <!-- test1CreateBooks -->
        <test-method status="PASS" signature="test2Code()[pri:0, instance:com.soulinfo.cases.CreateBooksCase@4df15f5b]" name="test2Code" duration-ms="5552" started-at="2015-06-04T14:21:16Z" finished-at="2015-06-04T14:21:22Z">
          <reporter-output>
          </reporter-output>
        </test-method> <!-- test2Code -->
      </class> <!-- com.soulinfo.cases.CreateBooksCase -->
    </test> <!-- createBook -->
    <test name="createVote" duration-ms="35659" started-at="2015-06-04T06:21:22Z" finished-at="2015-06-04T06:21:57Z">
      <class name="com.soulinfo.cases.CreateVoteCase">
        <test-method status="FAIL" signature="testCreateVote(java.lang.String, java.lang.String, java.lang.String, java.lang.String)[pri:0, instance:com.soulinfo.cases.CreateVoteCase@28fea1a9]" name="testCreateVote" duration-ms="35302" started-at="2015-06-04T14:21:22Z" data-provider="createVoteDate" finished-at="2015-06-04T14:21:57Z">
          <params>
            <param index="0">
              <value>
                <![CDATA[最喜欢的女老师是谁？]]>
              </value>
            </param>
            <param index="1">
              <value>
                <![CDATA[王老师]]>
              </value>
            </param>
            <param index="2">
              <value>
                <![CDATA[李老师]]>
              </value>
            </param>
            <param index="3">
              <value>
                <![CDATA[刘老师]]>
              </value>
            </param>
          </params>
          <exception class="org.openqa.selenium.ElementNotVisibleException">
            <message>
              <![CDATA[Element is not currently visible and so may not be interacted with
Command duration or timeout: 20.11 seconds
Build info: version: '2.44.0', revision: '76d78cf323ce037c5f92db6c1bba601c2ac43ad8', time: '2014-10-23 13:11:40'
System info: host: 'SoulTest-PC', ip: '192.168.2.214', os.name: 'Windows 7', os.arch: 'amd64', os.version: '6.1', java.version: '1.7.0_75'
Session ID: 9ff46c75-f860-4b6c-96bf-d1f3a31859fe
Driver info: org.openqa.selenium.firefox.FirefoxDriver
Capabilities [{platform=WINDOWS, acceptSslCerts=true, javascriptEnabled=true, cssSelectorsEnabled=true, databaseEnabled=true, browserName=firefox, handlesAlerts=true, browserConnectionEnabled=true, nativeEvents=false, webStorageEnabled=true, rotatable=false, locationContextEnabled=true, applicationCacheEnabled=true, takesScreenshot=true, version=26.0}]]]>
            </message>
            <full-stacktrace>
              <![CDATA[org.openqa.selenium.ElementNotVisibleException: Element is not currently visible and so may not be interacted with
Command duration or timeout: 20.11 seconds
Build info: version: '2.44.0', revision: '76d78cf323ce037c5f92db6c1bba601c2ac43ad8', time: '2014-10-23 13:11:40'
System info: host: 'SoulTest-PC', ip: '192.168.2.214', os.name: 'Windows 7', os.arch: 'amd64', os.version: '6.1', java.version: '1.7.0_75'
Session ID: 9ff46c75-f860-4b6c-96bf-d1f3a31859fe
Driver info: org.openqa.selenium.firefox.FirefoxDriver
Capabilities [{platform=WINDOWS, acceptSslCerts=true, javascriptEnabled=true, cssSelectorsEnabled=true, databaseEnabled=true, browserName=firefox, handlesAlerts=true, browserConnectionEnabled=true, nativeEvents=false, webStorageEnabled=true, rotatable=false, locationContextEnabled=true, applicationCacheEnabled=true, takesScreenshot=true, version=26.0}]
	at sun.reflect.NativeConstructorAccessorImpl.newInstance0(Native Method)
	at sun.reflect.NativeConstructorAccessorImpl.newInstance(NativeConstructorAccessorImpl.java:57)
	at sun.reflect.DelegatingConstructorAccessorImpl.newInstance(DelegatingConstructorAccessorImpl.java:45)
	at java.lang.reflect.Constructor.newInstance(Constructor.java:526)
	at org.openqa.selenium.remote.ErrorHandler.createThrowable(ErrorHandler.java:204)
	at org.openqa.selenium.remote.ErrorHandler.throwIfResponseFailed(ErrorHandler.java:156)
	at org.openqa.selenium.remote.RemoteWebDriver.execute(RemoteWebDriver.java:599)
	at org.openqa.selenium.remote.RemoteWebElement.execute(RemoteWebElement.java:268)
	at org.openqa.selenium.remote.RemoteWebElement.sendKeys(RemoteWebElement.java:89)
	at com.soulinfo.util.BasicElements.findByXpathSendKeys(BasicElements.java:411)
	at com.soulinfo.cases.CreateVoteCase.testCreateVote(CreateVoteCase.java:40)
	at sun.reflect.NativeMethodAccessorImpl.invoke0(Native Method)
	at sun.reflect.NativeMethodAccessorImpl.invoke(NativeMethodAccessorImpl.java:57)
	at sun.reflect.DelegatingMethodAccessorImpl.invoke(DelegatingMethodAccessorImpl.java:43)
	at java.lang.reflect.Method.invoke(Method.java:606)
	at org.testng.internal.MethodInvocationHelper.invokeMethod(MethodInvocationHelper.java:80)
	at org.testng.internal.Invoker.invokeMethod(Invoker.java:714)
	at org.testng.internal.Invoker.invokeTestMethod(Invoker.java:901)
	at org.testng.internal.Invoker.invokeTestMethods(Invoker.java:1231)
	at org.testng.internal.TestMethodWorker.invokeTestMethods(TestMethodWorker.java:127)
	at org.testng.internal.TestMethodWorker.run(TestMethodWorker.java:111)
	at org.testng.TestRunner.privateRun(TestRunner.java:767)
	at org.testng.TestRunner.run(TestRunner.java:617)
	at org.testng.SuiteRunner.runTest(SuiteRunner.java:334)
	at org.testng.SuiteRunner.runSequentially(SuiteRunner.java:329)
	at org.testng.SuiteRunner.privateRun(SuiteRunner.java:291)
	at org.testng.SuiteRunner.run(SuiteRunner.java:240)
	at org.testng.SuiteRunnerWorker.runSuite(SuiteRunnerWorker.java:52)
	at org.testng.SuiteRunnerWorker.run(SuiteRunnerWorker.java:86)
	at org.testng.TestNG.runSuitesSequentially(TestNG.java:1198)
	at org.testng.TestNG.runSuitesLocally(TestNG.java:1123)
	at org.testng.TestNG.run(TestNG.java:1031)
	at org.apache.maven.surefire.testng.TestNGExecutor.run(TestNGExecutor.java:170)
	at org.apache.maven.surefire.testng.TestNGXmlTestSuite.execute(TestNGXmlTestSuite.java:84)
	at org.apache.maven.surefire.testng.TestNGProvider.invoke(TestNGProvider.java:92)
	at org.apache.maven.surefire.booter.ForkedBooter.invokeProviderInSameClassLoader(ForkedBooter.java:200)
	at org.apache.maven.surefire.booter.ForkedBooter.runSuitesInProcess(ForkedBooter.java:153)
	at org.apache.maven.surefire.booter.ForkedBooter.main(ForkedBooter.java:103)
Caused by: org.openqa.selenium.ElementNotVisibleException: Element is not currently visible and so may not be interacted with
Build info: version: '2.44.0', revision: '76d78cf323ce037c5f92db6c1bba601c2ac43ad8', time: '2014-10-23 13:11:40'
System info: host: 'SoulTest-PC', ip: '192.168.2.214', os.name: 'Windows 7', os.arch: 'amd64', os.version: '6.1', java.version: '1.7.0_75'
Driver info: driver.version: unknown
	at <anonymous class>.fxdriver.preconditions.visible(file:///C:/Users/SoulTest/AppData/Local/Temp/anonymous4496018821105563880webdriver-profile/extensions/fxdriver@googlecode.com/components/command-processor.js:8959)
	at <anonymous class>.DelayedCommand.prototype.checkPreconditions_(file:///C:/Users/SoulTest/AppData/Local/Temp/anonymous4496018821105563880webdriver-profile/extensions/fxdriver@googlecode.com/components/command-processor.js:11618)
	at <anonymous class>.DelayedCommand.prototype.executeInternal_/h(file:///C:/Users/SoulTest/AppData/Local/Temp/anonymous4496018821105563880webdriver-profile/extensions/fxdriver@googlecode.com/components/command-processor.js:11635)
	at <anonymous class>.fxdriver.Timer.prototype.setTimeout/<.notify(file:///C:/Users/SoulTest/AppData/Local/Temp/anonymous4496018821105563880webdriver-profile/extensions/fxdriver@googlecode.com/components/command-processor.js:548)
]]>
            </full-stacktrace>
          </exception> <!-- org.openqa.selenium.ElementNotVisibleException -->
          <reporter-output>
          </reporter-output>
        </test-method> <!-- testCreateVote -->
      </class> <!-- com.soulinfo.cases.CreateVoteCase -->
    </test> <!-- createVote -->
    <test name="clalogout" duration-ms="931" started-at="2015-06-04T06:21:58Z" finished-at="2015-06-04T06:21:58Z">
      <class name="com.soulinfo.cases.LoginCase">
        <test-method status="PASS" signature="testLogout()[pri:0, instance:com.soulinfo.cases.LoginCase@74bedbdd]" name="testLogout" duration-ms="929" started-at="2015-06-04T14:21:58Z" finished-at="2015-06-04T14:21:58Z">
          <reporter-output>
          </reporter-output>
        </test-method> <!-- testLogout -->
      </class> <!-- com.soulinfo.cases.LoginCase -->
    </test> <!-- clalogout -->
    <test name="close" duration-ms="659" started-at="2015-06-04T06:21:58Z" finished-at="2015-06-04T06:21:59Z">
      <class name="com.soulinfo.cases.BrowserCase">
        <test-method status="PASS" signature="closeBrowser()[pri:0, instance:com.soulinfo.cases.BrowserCase@2913f73e]" name="closeBrowser" duration-ms="658" started-at="2015-06-04T14:21:58Z" finished-at="2015-06-04T14:21:59Z">
          <reporter-output>
          </reporter-output>
        </test-method> <!-- closeBrowser -->
      </class> <!-- com.soulinfo.cases.BrowserCase -->
    </test> <!-- close -->
  </suite> <!-- YB -->
</testng-results>
